<?xml version="1.0" encoding="UTF-8"?>
<!-- Generated by org.testng.reporters.JUnitXMLReporter -->
<testsuite hostname="DESKTOP-IR4PLA5" ignored="0" name="LoginPage" tests="2" failures="0" timestamp="2021-07-08T20:15:24 EDT" time="6.198" errors="0">
  <testcase name="testLoginPage" time="0.762" classname="com.framework_from_scratch.Page_Objectd.LoginPageTest"/>
  <testcase name="testLoginPage" time="0.565" classname="com.framework_from_scratch.Page_Objectd.LoginPageTest"/>
</testsuite> <!-- LoginPage -->
