<?xml version="1.0" encoding="UTF-8"?>
<!-- Generated by org.testng.reporters.JUnitXMLReporter -->
<testsuite hostname="DESKTOP-IR4PLA5" ignored="0" name="Test" tests="3" failures="0" timestamp="2021-07-07T12:18:07 EDT" time="14.053" errors="0">
  <testcase name="homePageNavigation" time="6.943" classname="com.framework_from_scratch.Page_Objectd.HomePageTest"/>
  <testcase name="testLoginPage" time="0.501" classname="com.framework_from_scratch.Page_Objectd.LoginPageTest"/>
  <testcase name="testLoginPage" time="0.48" classname="com.framework_from_scratch.Page_Objectd.LoginPageTest"/>
</testsuite> <!-- Test -->
