<?xml version="1.0" encoding="UTF-8"?>
<!-- Generated by org.testng.reporters.JUnitXMLReporter -->
<testsuite hostname="DESKTOP-IR4PLA5" ignored="0" name="LoginPage" tests="2" failures="0" timestamp="2021-07-07T15:15:11 EDT" time="3.89" errors="0">
  <testcase name="testLoginPage" time="0.483" classname="com.framework_from_scratch.Page_Objectd.LoginPageTest"/>
  <testcase name="testLoginPage" time="0.433" classname="com.framework_from_scratch.Page_Objectd.LoginPageTest"/>
</testsuite> <!-- LoginPage -->
